\BOOKMARK [0][-]{chapter.1}{\376\377\000M\000o\000d\000u\000l\000e\000\040\000I\000n\000d\000e\000x}{}% 1
\BOOKMARK [1][-]{section.1.1}{\376\377\000M\000o\000d\000u\000l\000e\000s}{chapter.1}% 2
\BOOKMARK [0][-]{chapter.2}{\376\377\000D\000a\000t\000a\000\040\000S\000t\000r\000u\000c\000t\000u\000r\000e\000\040\000I\000n\000d\000e\000x}{}% 3
\BOOKMARK [1][-]{section.2.1}{\376\377\000D\000a\000t\000a\000\040\000S\000t\000r\000u\000c\000t\000u\000r\000e\000s}{chapter.2}% 4
\BOOKMARK [0][-]{chapter.3}{\376\377\000F\000i\000l\000e\000\040\000I\000n\000d\000e\000x}{}% 5
\BOOKMARK [1][-]{section.3.1}{\376\377\000F\000i\000l\000e\000\040\000L\000i\000s\000t}{chapter.3}% 6
\BOOKMARK [0][-]{chapter.4}{\376\377\000M\000o\000d\000u\000l\000e\000\040\000D\000o\000c\000u\000m\000e\000n\000t\000a\000t\000i\000o\000n}{}% 7
\BOOKMARK [1][-]{section.4.1}{\376\377\000S\000e\000c\000t\000o\000r\000S\000t\000r\000u\000c\000t}{chapter.4}% 8
\BOOKMARK [2][-]{subsection.4.1.1}{\376\377\000D\000e\000t\000a\000i\000l\000e\000d\000\040\000D\000e\000s\000c\000r\000i\000p\000t\000i\000o\000n}{section.4.1}% 9
\BOOKMARK [1][-]{section.4.2}{\376\377\000E\000n\000v\000i\000r\000o\000n\000m\000e\000n\000t\000a\000l\000V\000a\000r\000s}{chapter.4}% 10
\BOOKMARK [2][-]{subsection.4.2.1}{\376\377\000D\000e\000t\000a\000i\000l\000e\000d\000\040\000D\000e\000s\000c\000r\000i\000p\000t\000i\000o\000n}{section.4.2}% 11
\BOOKMARK [2][-]{subsection.4.2.2}{\376\377\000V\000a\000r\000i\000a\000b\000l\000e\000\040\000D\000o\000c\000u\000m\000e\000n\000t\000a\000t\000i\000o\000n}{section.4.2}% 12
\BOOKMARK [3][-]{subsubsection.4.2.2.1}{\376\377\000E\000n\000v\000C\000r\000y\000p\000t\000o}{subsection.4.2.2}% 13
\BOOKMARK [3][-]{subsubsection.4.2.2.2}{\376\377\000E\000n\000v\000K\000e\000y\000I\000D}{subsection.4.2.2}% 14
\BOOKMARK [3][-]{subsubsection.4.2.2.3}{\376\377\000E\000n\000v\000S\000e\000s\000s\000i\000o\000n}{subsection.4.2.2}% 15
\BOOKMARK [1][-]{section.4.3}{\376\377\000m\000o\000d\000e\000\040\000p\000a\000r\000a\000m\000e\000t\000e\000r\000\040\000f\000o\000r\000\040\000s\000e\000c\000u\000r\000e\000\137\000o\000p\000e\000n}{chapter.4}% 16
\BOOKMARK [2][-]{subsection.4.3.1}{\376\377\000D\000e\000t\000a\000i\000l\000e\000d\000\040\000D\000e\000s\000c\000r\000i\000p\000t\000i\000o\000n}{section.4.3}% 17
\BOOKMARK [2][-]{subsection.4.3.2}{\376\377\000M\000a\000c\000r\000o\000\040\000D\000e\000f\000i\000n\000i\000t\000i\000o\000n\000\040\000D\000o\000c\000u\000m\000e\000n\000t\000a\000t\000i\000o\000n}{section.4.3}% 18
\BOOKMARK [3][-]{subsubsection.4.3.2.1}{\376\377\000S\000E\000F\000I\000L\000E\000\137\000R\000E\000A\000D}{subsection.4.3.2}% 19
\BOOKMARK [3][-]{subsubsection.4.3.2.2}{\376\377\000S\000E\000F\000I\000L\000E\000\137\000W\000R\000I\000T\000E}{subsection.4.3.2}% 20
\BOOKMARK [1][-]{section.4.4}{\376\377\000a\000c\000c\000e\000s\000s\000\040\000p\000a\000r\000a\000m\000e\000t\000e\000r\000\040\000f\000o\000r\000\040\000s\000e\000c\000u\000r\000e\000\137\000o\000p\000e\000n}{chapter.4}% 21
\BOOKMARK [2][-]{subsection.4.4.1}{\376\377\000D\000e\000t\000a\000i\000l\000e\000d\000\040\000D\000e\000s\000c\000r\000i\000p\000t\000i\000o\000n}{section.4.4}% 22
\BOOKMARK [2][-]{subsection.4.4.2}{\376\377\000M\000a\000c\000r\000o\000\040\000D\000e\000f\000i\000n\000i\000t\000i\000o\000n\000\040\000D\000o\000c\000u\000m\000e\000n\000t\000a\000t\000i\000o\000n}{section.4.4}% 23
\BOOKMARK [3][-]{subsubsection.4.4.2.1}{\376\377\000S\000E\000F\000I\000L\000E\000\137\000N\000E\000W\000F\000I\000L\000E}{subsection.4.4.2}% 24
\BOOKMARK [3][-]{subsubsection.4.4.2.2}{\376\377\000S\000E\000F\000I\000L\000E\000\137\000O\000P\000E\000N}{subsection.4.4.2}% 25
\BOOKMARK [1][-]{section.4.5}{\376\377\000w\000h\000e\000n\000c\000e\000\040\000p\000a\000r\000a\000m\000e\000t\000e\000r\000\040\000f\000o\000r\000\040\000s\000e\000c\000u\000r\000e\000\137\000s\000e\000e\000k}{chapter.4}% 26
\BOOKMARK [2][-]{subsection.4.5.1}{\376\377\000D\000e\000t\000a\000i\000l\000e\000d\000\040\000D\000e\000s\000c\000r\000i\000p\000t\000i\000o\000n}{section.4.5}% 27
\BOOKMARK [2][-]{subsection.4.5.2}{\376\377\000M\000a\000c\000r\000o\000\040\000D\000e\000f\000i\000n\000i\000t\000i\000o\000n\000\040\000D\000o\000c\000u\000m\000e\000n\000t\000a\000t\000i\000o\000n}{section.4.5}% 28
\BOOKMARK [3][-]{subsubsection.4.5.2.1}{\376\377\000S\000E\000F\000I\000L\000E\000\137\000B\000E\000G\000I\000N}{subsection.4.5.2}% 29
\BOOKMARK [3][-]{subsubsection.4.5.2.2}{\376\377\000S\000E\000F\000I\000L\000E\000\137\000C\000U\000R\000R\000E\000N\000T}{subsection.4.5.2}% 30
\BOOKMARK [3][-]{subsubsection.4.5.2.3}{\376\377\000S\000E\000F\000I\000L\000E\000\137\000E\000N\000D}{subsection.4.5.2}% 31
\BOOKMARK [1][-]{section.4.6}{\376\377\000e\000r\000r\000o\000r\000\040\000v\000a\000l\000u\000e\000s}{chapter.4}% 32
\BOOKMARK [2][-]{subsection.4.6.1}{\376\377\000D\000e\000t\000a\000i\000l\000e\000d\000\040\000D\000e\000s\000c\000r\000i\000p\000t\000i\000o\000n}{section.4.6}% 33
\BOOKMARK [1][-]{section.4.7}{\376\377\000S\000e\000c\000t\000o\000r\000\137\000D\000e\000f\000i\000n\000e\000s}{chapter.4}% 34
\BOOKMARK [2][-]{subsection.4.7.1}{\376\377\000D\000e\000t\000a\000i\000l\000e\000d\000\040\000D\000e\000s\000c\000r\000i\000p\000t\000i\000o\000n}{section.4.7}% 35
\BOOKMARK [2][-]{subsection.4.7.2}{\376\377\000M\000a\000c\000r\000o\000\040\000D\000e\000f\000i\000n\000i\000t\000i\000o\000n\000\040\000D\000o\000c\000u\000m\000e\000n\000t\000a\000t\000i\000o\000n}{section.4.7}% 36
\BOOKMARK [3][-]{subsubsection.4.7.2.1}{\376\377\000S\000E\000F\000I\000L\000E\000\137\000B\000L\000O\000C\000K\000\137\000S\000I\000Z\000E}{subsection.4.7.2}% 37
\BOOKMARK [3][-]{subsubsection.4.7.2.2}{\376\377\000S\000E\000F\000I\000L\000E\000\137\000L\000O\000G\000I\000C\000\137\000D\000A\000T\000A}{subsection.4.7.2}% 38
\BOOKMARK [3][-]{subsubsection.4.7.2.3}{\376\377\000S\000E\000F\000I\000L\000E\000\137\000S\000E\000C\000T\000O\000R\000\137\000D\000A\000T\000A\000\137\000S\000I\000Z\000E}{subsection.4.7.2}% 39
\BOOKMARK [3][-]{subsubsection.4.7.2.4}{\376\377\000S\000E\000F\000I\000L\000E\000\137\000S\000E\000C\000T\000O\000R\000\137\000O\000V\000E\000R\000H\000E\000A\000D}{subsection.4.7.2}% 40
\BOOKMARK [3][-]{subsubsection.4.7.2.5}{\376\377\000S\000E\000F\000I\000L\000E\000\137\000S\000E\000C\000T\000O\000R\000\137\000S\000I\000Z\000E}{subsection.4.7.2}% 41
\BOOKMARK [0][-]{chapter.5}{\376\377\000D\000a\000t\000a\000\040\000S\000t\000r\000u\000c\000t\000u\000r\000e\000\040\000D\000o\000c\000u\000m\000e\000n\000t\000a\000t\000i\000o\000n}{}% 42
\BOOKMARK [1][-]{section.5.1}{\376\377\000S\000E\000F\000I\000L\000E\000\137\000H\000A\000N\000D\000L\000E\000\040\000S\000t\000r\000u\000c\000t\000\040\000R\000e\000f\000e\000r\000e\000n\000c\000e}{chapter.5}% 43
\BOOKMARK [2][-]{subsection.5.1.1}{\376\377\000D\000e\000t\000a\000i\000l\000e\000d\000\040\000D\000e\000s\000c\000r\000i\000p\000t\000i\000o\000n}{section.5.1}% 44
\BOOKMARK [2][-]{subsection.5.1.2}{\376\377\000F\000i\000e\000l\000d\000\040\000D\000o\000c\000u\000m\000e\000n\000t\000a\000t\000i\000o\000n}{section.5.1}% 45
\BOOKMARK [3][-]{subsubsection.5.1.2.1}{\376\377\000f\000d}{subsection.5.1.2}% 46
\BOOKMARK [3][-]{subsubsection.5.1.2.2}{\376\377\000l\000o\000g\000\137\000o\000f\000f\000s\000e\000t}{subsection.5.1.2}% 47
\BOOKMARK [3][-]{subsubsection.5.1.2.3}{\376\377\000n\000o\000n\000c\000e\000\137\000c\000t\000r}{subsection.5.1.2}% 48
\BOOKMARK [3][-]{subsubsection.5.1.2.4}{\376\377\000n\000o\000n\000c\000e\000\137\000p\000b\000k\000d\000f\0002}{subsection.5.1.2}% 49
\BOOKMARK [1][-]{section.5.2}{\376\377\000S\000E\000F\000I\000L\000E\000\137\000H\000E\000A\000D\000E\000R\000\040\000S\000t\000r\000u\000c\000t\000\040\000R\000e\000f\000e\000r\000e\000n\000c\000e}{chapter.5}% 50
\BOOKMARK [2][-]{subsection.5.2.1}{\376\377\000D\000e\000t\000a\000i\000l\000e\000d\000\040\000D\000e\000s\000c\000r\000i\000p\000t\000i\000o\000n}{section.5.2}% 51
\BOOKMARK [2][-]{subsection.5.2.2}{\376\377\000F\000i\000e\000l\000d\000\040\000D\000o\000c\000u\000m\000e\000n\000t\000a\000t\000i\000o\000n}{section.5.2}% 52
\BOOKMARK [3][-]{subsubsection.5.2.2.1}{\376\377\000f\000n\000a\000m\000e\000\137\000l\000e\000n}{subsection.5.2.2}% 53
\BOOKMARK [3][-]{subsubsection.5.2.2.2}{\376\377\000m\000a\000g\000i\000c}{subsection.5.2.2}% 54
\BOOKMARK [3][-]{subsubsection.5.2.2.3}{\376\377\000n\000o\000n\000c\000e\000\137\000c\000t\000r}{subsection.5.2.2}% 55
\BOOKMARK [3][-]{subsubsection.5.2.2.4}{\376\377\000n\000o\000n\000c\000e\000\137\000p\000b\000k\000d\000f\0002}{subsection.5.2.2}% 56
\BOOKMARK [3][-]{subsubsection.5.2.2.5}{\376\377\000u\000i\000d}{subsection.5.2.2}% 57
\BOOKMARK [3][-]{subsubsection.5.2.2.6}{\376\377\000u\000i\000d\000\137\000c\000n\000t}{subsection.5.2.2}% 58
\BOOKMARK [3][-]{subsubsection.5.2.2.7}{\376\377\000v\000e\000r}{subsection.5.2.2}% 59
\BOOKMARK [1][-]{section.5.3}{\376\377\000S\000E\000F\000I\000L\000E\000\137\000S\000E\000C\000T\000O\000R\000\040\000S\000t\000r\000u\000c\000t\000\040\000R\000e\000f\000e\000r\000e\000n\000c\000e}{chapter.5}% 60
\BOOKMARK [2][-]{subsection.5.3.1}{\376\377\000D\000e\000t\000a\000i\000l\000e\000d\000\040\000D\000e\000s\000c\000r\000i\000p\000t\000i\000o\000n}{section.5.3}% 61
\BOOKMARK [2][-]{subsection.5.3.2}{\376\377\000F\000i\000e\000l\000d\000\040\000D\000o\000c\000u\000m\000e\000n\000t\000a\000t\000i\000o\000n}{section.5.3}% 62
\BOOKMARK [3][-]{subsubsection.5.3.2.1}{\376\377\000d\000a\000t\000a}{subsection.5.3.2}% 63
\BOOKMARK [3][-]{subsubsection.5.3.2.2}{\376\377\000h\000e\000a\000d\000e\000r}{subsection.5.3.2}% 64
\BOOKMARK [3][-]{subsubsection.5.3.2.3}{\376\377\000l\000e\000n}{subsection.5.3.2}% 65
\BOOKMARK [3][-]{subsubsection.5.3.2.4}{\376\377\000s\000i\000g\000n\000a\000t\000u\000r\000e}{subsection.5.3.2}% 66
\BOOKMARK [0][-]{chapter.6}{\376\377\000F\000i\000l\000e\000\040\000D\000o\000c\000u\000m\000e\000n\000t\000a\000t\000i\000o\000n}{}% 67
\BOOKMARK [1][-]{section.6.1}{\376\377\000/\000r\000u\000n\000/\000m\000e\000d\000i\000a\000/\000s\000c\000a\000g\000l\000i\000a\000/\0005\000B\0001\0000\0006\000C\0003\0003\0007\0009\0002\000E\0004\0004\0004\0000\000/\000p\000o\000l\000i\000t\000o\000/\000M\000A\000G\000I\000S\000T\000R\000A\000L\000E\000/\000c\000u\000r\000r\000e\000n\000t\000/\000t\000e\000s\000i\000/\000S\000E\000f\000i\000l\000e\000\137\000l\000i\000b\000r\000a\000r\000y\000/\000S\000E\000f\000i\000l\000e\000.\000c\000\040\000F\000i\000l\000e\000\040\000R\000e\000f\000e\000r\000e\000n\000c\000e}{chapter.6}% 68
\BOOKMARK [2][-]{subsection.6.1.1}{\376\377\000D\000e\000t\000a\000i\000l\000e\000d\000\040\000D\000e\000s\000c\000r\000i\000p\000t\000i\000o\000n}{section.6.1}% 69
\BOOKMARK [2][-]{subsection.6.1.2}{\376\377\000M\000a\000c\000r\000o\000\040\000D\000e\000f\000i\000n\000i\000t\000i\000o\000n\000\040\000D\000o\000c\000u\000m\000e\000n\000t\000a\000t\000i\000o\000n}{section.6.1}% 70
\BOOKMARK [3][-]{subsubsection.6.1.2.1}{\376\377\000P\000O\000S\000\137\000T\000O\000\137\000C\000I\000P\000H\000E\000R\000\137\000B\000L\000O\000C\000K}{subsection.6.1.2}% 71
\BOOKMARK [2][-]{subsection.6.1.3}{\376\377\000F\000u\000n\000c\000t\000i\000o\000n\000\040\000D\000o\000c\000u\000m\000e\000n\000t\000a\000t\000i\000o\000n}{section.6.1}% 72
\BOOKMARK [3][-]{subsubsection.6.1.3.1}{\376\377\000c\000h\000e\000c\000k\000\137\000e\000n\000v}{subsection.6.1.3}% 73
\BOOKMARK [3][-]{subsubsection.6.1.3.2}{\376\377\000c\000r\000y\000p\000t\000\137\000d\000i\000r\000n\000a\000m\000e}{subsection.6.1.3}% 74
\BOOKMARK [3][-]{subsubsection.6.1.3.3}{\376\377\000c\000r\000y\000p\000t\000\137\000h\000e\000a\000d\000e\000r}{subsection.6.1.3}% 75
\BOOKMARK [3][-]{subsubsection.6.1.3.4}{\376\377\000c\000r\000y\000p\000t\000\137\000s\000e\000c\000t\000o\000r\000s}{subsection.6.1.3}% 76
\BOOKMARK [3][-]{subsubsection.6.1.3.5}{\376\377\000c\000r\000y\000p\000t\000o\000\137\000f\000i\000l\000e\000n\000a\000m\000e}{subsection.6.1.3}% 77
\BOOKMARK [3][-]{subsubsection.6.1.3.6}{\376\377\000d\000e\000c\000r\000y\000p\000t\000\137\000d\000i\000r\000n\000a\000m\000e}{subsection.6.1.3}% 78
\BOOKMARK [3][-]{subsubsection.6.1.3.7}{\376\377\000d\000e\000c\000r\000y\000p\000t\000\137\000f\000i\000l\000e\000h\000a\000n\000d\000l\000e}{subsection.6.1.3}% 79
\BOOKMARK [3][-]{subsubsection.6.1.3.8}{\376\377\000d\000e\000c\000r\000y\000p\000t\000\137\000f\000i\000l\000e\000n\000a\000m\000e}{subsection.6.1.3}% 80
\BOOKMARK [3][-]{subsubsection.6.1.3.9}{\376\377\000d\000e\000c\000r\000y\000p\000t\000\137\000s\000e\000c\000t\000o\000r\000s}{subsection.6.1.3}% 81
\BOOKMARK [3][-]{subsubsection.6.1.3.10}{\376\377\000g\000e\000t\000\137\000f\000i\000l\000e\000n\000a\000m\000e}{subsection.6.1.3}% 82
\BOOKMARK [3][-]{subsubsection.6.1.3.11}{\376\377\000g\000e\000t\000\137\000f\000i\000l\000e\000s\000i\000z\000e}{subsection.6.1.3}% 83
\BOOKMARK [3][-]{subsubsection.6.1.3.12}{\376\377\000g\000e\000t\000\137\000p\000a\000t\000h}{subsection.6.1.3}% 84
\BOOKMARK [3][-]{subsubsection.6.1.3.13}{\376\377\000s\000e\000c\000u\000r\000e\000\137\000c\000l\000o\000s\000e}{subsection.6.1.3}% 85
\BOOKMARK [3][-]{subsubsection.6.1.3.14}{\376\377\000s\000e\000c\000u\000r\000e\000\137\000c\000r\000e\000a\000t\000e}{subsection.6.1.3}% 86
\BOOKMARK [3][-]{subsubsection.6.1.3.15}{\376\377\000s\000e\000c\000u\000r\000e\000\137\000f\000i\000n\000i\000t}{subsection.6.1.3}% 87
\BOOKMARK [3][-]{subsubsection.6.1.3.16}{\376\377\000s\000e\000c\000u\000r\000e\000\137\000g\000e\000t\000f\000i\000l\000e\000s\000i\000z\000e}{subsection.6.1.3}% 88
\BOOKMARK [3][-]{subsubsection.6.1.3.17}{\376\377\000s\000e\000c\000u\000r\000e\000\137\000i\000n\000i\000t}{subsection.6.1.3}% 89
\BOOKMARK [3][-]{subsubsection.6.1.3.18}{\376\377\000s\000e\000c\000u\000r\000e\000\137\000l\000s}{subsection.6.1.3}% 90
\BOOKMARK [3][-]{subsubsection.6.1.3.19}{\376\377\000s\000e\000c\000u\000r\000e\000\137\000m\000k\000d\000i\000r}{subsection.6.1.3}% 91
\BOOKMARK [3][-]{subsubsection.6.1.3.20}{\376\377\000s\000e\000c\000u\000r\000e\000\137\000o\000p\000e\000n}{subsection.6.1.3}% 92
\BOOKMARK [3][-]{subsubsection.6.1.3.21}{\376\377\000s\000e\000c\000u\000r\000e\000\137\000r\000e\000a\000d}{subsection.6.1.3}% 93
\BOOKMARK [3][-]{subsubsection.6.1.3.22}{\376\377\000s\000e\000c\000u\000r\000e\000\137\000s\000e\000e\000k}{subsection.6.1.3}% 94
\BOOKMARK [3][-]{subsubsection.6.1.3.23}{\376\377\000s\000e\000c\000u\000r\000e\000\137\000s\000y\000n\000c}{subsection.6.1.3}% 95
\BOOKMARK [3][-]{subsubsection.6.1.3.24}{\376\377\000s\000e\000c\000u\000r\000e\000\137\000t\000r\000u\000n\000c\000a\000t\000e}{subsection.6.1.3}% 96
\BOOKMARK [3][-]{subsubsection.6.1.3.25}{\376\377\000s\000e\000c\000u\000r\000e\000\137\000u\000p\000d\000a\000t\000e}{subsection.6.1.3}% 97
\BOOKMARK [3][-]{subsubsection.6.1.3.26}{\376\377\000s\000e\000c\000u\000r\000e\000\137\000w\000r\000i\000t\000e}{subsection.6.1.3}% 98
\BOOKMARK [3][-]{subsubsection.6.1.3.27}{\376\377\000v\000a\000l\000i\000d\000\137\000n\000a\000m\000e}{subsection.6.1.3}% 99
\BOOKMARK [1][-]{section.6.2}{\376\377\000/\000r\000u\000n\000/\000m\000e\000d\000i\000a\000/\000s\000c\000a\000g\000l\000i\000a\000/\0005\000B\0001\0000\0006\000C\0003\0003\0007\0009\0002\000E\0004\0004\0004\0000\000/\000p\000o\000l\000i\000t\000o\000/\000M\000A\000G\000I\000S\000T\000R\000A\000L\000E\000/\000c\000u\000r\000r\000e\000n\000t\000/\000t\000e\000s\000i\000/\000S\000E\000f\000i\000l\000e\000\137\000l\000i\000b\000r\000a\000r\000y\000/\000S\000E\000f\000i\000l\000e\000.\000h\000\040\000F\000i\000l\000e\000\040\000R\000e\000f\000e\000r\000e\000n\000c\000e}{chapter.6}% 100
\BOOKMARK [2][-]{subsection.6.2.1}{\376\377\000D\000e\000t\000a\000i\000l\000e\000d\000\040\000D\000e\000s\000c\000r\000i\000p\000t\000i\000o\000n}{section.6.2}% 101
\BOOKMARK [2][-]{subsection.6.2.2}{\376\377\000M\000a\000c\000r\000o\000\040\000D\000e\000f\000i\000n\000i\000t\000i\000o\000n\000\040\000D\000o\000c\000u\000m\000e\000n\000t\000a\000t\000i\000o\000n}{section.6.2}% 102
\BOOKMARK [3][-]{subsubsection.6.2.2.1}{\376\377\000M\000A\000X\000\137\000P\000A\000T\000H\000N\000A\000M\000E}{subsection.6.2.2}% 103
\BOOKMARK [2][-]{subsection.6.2.3}{\376\377\000T\000y\000p\000e\000d\000e\000f\000\040\000D\000o\000c\000u\000m\000e\000n\000t\000a\000t\000i\000o\000n}{section.6.2}% 104
\BOOKMARK [3][-]{subsubsection.6.2.3.1}{\376\377\000S\000E\000F\000I\000L\000E\000\137\000F\000H\000A\000N\000D\000L\000E}{subsection.6.2.3}% 105
\BOOKMARK [2][-]{subsection.6.2.4}{\376\377\000F\000u\000n\000c\000t\000i\000o\000n\000\040\000D\000o\000c\000u\000m\000e\000n\000t\000a\000t\000i\000o\000n}{section.6.2}% 106
\BOOKMARK [3][-]{subsubsection.6.2.4.1}{\376\377\000c\000r\000y\000p\000t\000o\000\137\000f\000i\000l\000e\000n\000a\000m\000e}{subsection.6.2.4}% 107
\BOOKMARK [3][-]{subsubsection.6.2.4.2}{\376\377\000s\000e\000c\000u\000r\000e\000\137\000c\000l\000o\000s\000e}{subsection.6.2.4}% 108
\BOOKMARK [3][-]{subsubsection.6.2.4.3}{\376\377\000s\000e\000c\000u\000r\000e\000\137\000c\000r\000e\000a\000t\000e}{subsection.6.2.4}% 109
\BOOKMARK [3][-]{subsubsection.6.2.4.4}{\376\377\000s\000e\000c\000u\000r\000e\000\137\000f\000i\000n\000i\000t}{subsection.6.2.4}% 110
\BOOKMARK [3][-]{subsubsection.6.2.4.5}{\376\377\000s\000e\000c\000u\000r\000e\000\137\000g\000e\000t\000f\000i\000l\000e\000s\000i\000z\000e}{subsection.6.2.4}% 111
\BOOKMARK [3][-]{subsubsection.6.2.4.6}{\376\377\000s\000e\000c\000u\000r\000e\000\137\000i\000n\000i\000t}{subsection.6.2.4}% 112
\BOOKMARK [3][-]{subsubsection.6.2.4.7}{\376\377\000s\000e\000c\000u\000r\000e\000\137\000l\000s}{subsection.6.2.4}% 113
\BOOKMARK [3][-]{subsubsection.6.2.4.8}{\376\377\000s\000e\000c\000u\000r\000e\000\137\000m\000k\000d\000i\000r}{subsection.6.2.4}% 114
\BOOKMARK [3][-]{subsubsection.6.2.4.9}{\376\377\000s\000e\000c\000u\000r\000e\000\137\000o\000p\000e\000n}{subsection.6.2.4}% 115
\BOOKMARK [3][-]{subsubsection.6.2.4.10}{\376\377\000s\000e\000c\000u\000r\000e\000\137\000r\000e\000a\000d}{subsection.6.2.4}% 116
\BOOKMARK [3][-]{subsubsection.6.2.4.11}{\376\377\000s\000e\000c\000u\000r\000e\000\137\000s\000e\000e\000k}{subsection.6.2.4}% 117
\BOOKMARK [3][-]{subsubsection.6.2.4.12}{\376\377\000s\000e\000c\000u\000r\000e\000\137\000s\000y\000n\000c}{subsection.6.2.4}% 118
\BOOKMARK [3][-]{subsubsection.6.2.4.13}{\376\377\000s\000e\000c\000u\000r\000e\000\137\000t\000r\000u\000n\000c\000a\000t\000e}{subsection.6.2.4}% 119
\BOOKMARK [3][-]{subsubsection.6.2.4.14}{\376\377\000s\000e\000c\000u\000r\000e\000\137\000u\000p\000d\000a\000t\000e}{subsection.6.2.4}% 120
\BOOKMARK [3][-]{subsubsection.6.2.4.15}{\376\377\000s\000e\000c\000u\000r\000e\000\137\000w\000r\000i\000t\000e}{subsection.6.2.4}% 121
\BOOKMARK [-1][-]{section*.19}{\376\377\000I\000n\000d\000e\000x}{}% 122
